<?xml version="1.0" encoding="UTF-8"?>
<!-- Generated by org.testng.reporters.JUnitReportReporter -->
<testsuite hostname="DESKTOP-010O0L9" failures="0" tests="1" name="PracticaNS.PracticaNS_001.CheaperFly" time="38.555" errors="0" timestamp="01 jun 2018 04:45:15 GMT+00:00" skipped="0">
  <testcase classname="PracticaNS.PracticaNS_001.CheaperFly" name="searchflights" time="38.555"/>
</testsuite> <!-- PracticaNS.PracticaNS_001.CheaperFly -->
